<?xml version="1.0" encoding="UTF-8"?>
<!-- Generated by org.testng.reporters.JUnitReportReporter -->
<testsuite hostname="DESKTOP-EJKEAP0" failures="0" tests="1" name="GIT.JenkinGitDemo.Login" time="7.056" errors="0" timestamp="2025-09-08T21:12:31 EDT" skipped="0">
  <testcase classname="GIT.JenkinGitDemo.Login" name="login" time="7.056"/>
</testsuite> <!-- GIT.JenkinGitDemo.Login -->
